  BlinkingLed2.c
C:\Users\Ivo\Desktop\GIBZ\Informatik\M242\Code\avr\ToolChain\avr8-gnu-toolchain-win32_x86\avr\include\stdint.h(125,27): error C2061: syntax error: identifier '__attribute__'
C:\Users\Ivo\Desktop\GIBZ\Informatik\M242\Code\avr\ToolChain\avr8-gnu-toolchain-win32_x86\avr\include\stdint.h(125,27): error C2059: syntax error: ';'
C:\Users\Ivo\Desktop\GIBZ\Informatik\M242\Code\avr\ToolChain\avr8-gnu-toolchain-win32_x86\avr\include\stdint.h(126,30): error C2061: syntax error: identifier '__attribute__'
C:\Users\Ivo\Desktop\GIBZ\Informatik\M242\Code\avr\ToolChain\avr8-gnu-toolchain-win32_x86\avr\include\stdint.h(126,30): error C2059: syntax error: ';'
C:\Users\Ivo\Desktop\GIBZ\Informatik\M242\Code\avr\ToolChain\avr8-gnu-toolchain-win32_x86\avr\include\stdint.h(127,28): error C2061: syntax error: identifier '__attribute__'
C:\Users\Ivo\Desktop\GIBZ\Informatik\M242\Code\avr\ToolChain\avr8-gnu-toolchain-win32_x86\avr\include\stdint.h(127,28): error C2059: syntax error: ';'
C:\Users\Ivo\Desktop\GIBZ\Informatik\M242\Code\avr\ToolChain\avr8-gnu-toolchain-win32_x86\avr\include\stdint.h(128,31): error C2061: syntax error: identifier '__attribute__'
C:\Users\Ivo\Desktop\GIBZ\Informatik\M242\Code\avr\ToolChain\avr8-gnu-toolchain-win32_x86\avr\include\stdint.h(128,31): error C2059: syntax error: ';'
C:\Users\Ivo\Desktop\GIBZ\Informatik\M242\Code\avr\ToolChain\avr8-gnu-toolchain-win32_x86\avr\include\stdint.h(129,28): error C2061: syntax error: identifier '__attribute__'
C:\Users\Ivo\Desktop\GIBZ\Informatik\M242\Code\avr\ToolChain\avr8-gnu-toolchain-win32_x86\avr\include\stdint.h(129,28): error C2059: syntax error: ';'
C:\Users\Ivo\Desktop\GIBZ\Informatik\M242\Code\avr\ToolChain\avr8-gnu-toolchain-win32_x86\avr\include\stdint.h(130,31): error C2061: syntax error: identifier '__attribute__'
C:\Users\Ivo\Desktop\GIBZ\Informatik\M242\Code\avr\ToolChain\avr8-gnu-toolchain-win32_x86\avr\include\stdint.h(130,31): error C2059: syntax error: ';'
C:\Users\Ivo\Desktop\GIBZ\Informatik\M242\Code\avr\ToolChain\avr8-gnu-toolchain-win32_x86\avr\include\stdint.h(132,28): error C2061: syntax error: identifier '__attribute__'
C:\Users\Ivo\Desktop\GIBZ\Informatik\M242\Code\avr\ToolChain\avr8-gnu-toolchain-win32_x86\avr\include\stdint.h(132,28): error C2059: syntax error: ';'
C:\Users\Ivo\Desktop\GIBZ\Informatik\M242\Code\avr\ToolChain\avr8-gnu-toolchain-win32_x86\avr\include\stdint.h(133,31): error C2061: syntax error: identifier '__attribute__'
C:\Users\Ivo\Desktop\GIBZ\Informatik\M242\Code\avr\ToolChain\avr8-gnu-toolchain-win32_x86\avr\include\stdint.h(133,31): error C2059: syntax error: ';'
C:\Users\Ivo\Desktop\GIBZ\Informatik\M242\Code\avr\ToolChain\avr8-gnu-toolchain-win32_x86\avr\include\stdint.h(146,17): error C2061: syntax error: identifier 'intptr_t'
C:\Users\Ivo\Desktop\GIBZ\Informatik\M242\Code\avr\ToolChain\avr8-gnu-toolchain-win32_x86\avr\include\stdint.h(146,17): error C2059: syntax error: ';'
C:\Users\Ivo\Desktop\GIBZ\Informatik\M242\Code\avr\ToolChain\avr8-gnu-toolchain-win32_x86\avr\include\stdint.h(151,18): error C2061: syntax error: identifier 'uintptr_t'
C:\Users\Ivo\Desktop\GIBZ\Informatik\M242\Code\avr\ToolChain\avr8-gnu-toolchain-win32_x86\avr\include\stdint.h(151,18): error C2059: syntax error: ';'
C:\Users\Ivo\Desktop\GIBZ\Informatik\M242\Code\avr\ToolChain\avr8-gnu-toolchain-win32_x86\avr\include\stdint.h(163,18): error C2061: syntax error: identifier 'int_least8_t'
C:\Users\Ivo\Desktop\GIBZ\Informatik\M242\Code\avr\ToolChain\avr8-gnu-toolchain-win32_x86\avr\include\stdint.h(163,18): error C2059: syntax error: ';'
C:\Users\Ivo\Desktop\GIBZ\Informatik\M242\Code\avr\ToolChain\avr8-gnu-toolchain-win32_x86\avr\include\stdint.h(168,18): error C2061: syntax error: identifier 'uint_least8_t'
C:\Users\Ivo\Desktop\GIBZ\Informatik\M242\Code\avr\ToolChain\avr8-gnu-toolchain-win32_x86\avr\include\stdint.h(168,18): error C2059: syntax error: ';'
C:\Users\Ivo\Desktop\GIBZ\Informatik\M242\Code\avr\ToolChain\avr8-gnu-toolchain-win32_x86\avr\include\stdint.h(173,18): error C2061: syntax error: identifier 'int_least16_t'
C:\Users\Ivo\Desktop\GIBZ\Informatik\M242\Code\avr\ToolChain\avr8-gnu-toolchain-win32_x86\avr\include\stdint.h(173,18): error C2059: syntax error: ';'
C:\Users\Ivo\Desktop\GIBZ\Informatik\M242\Code\avr\ToolChain\avr8-gnu-toolchain-win32_x86\avr\include\stdint.h(178,18): error C2061: syntax error: identifier 'uint_least16_t'
C:\Users\Ivo\Desktop\GIBZ\Informatik\M242\Code\avr\ToolChain\avr8-gnu-toolchain-win32_x86\avr\include\stdint.h(178,18): error C2059: syntax error: ';'
C:\Users\Ivo\Desktop\GIBZ\Informatik\M242\Code\avr\ToolChain\avr8-gnu-toolchain-win32_x86\avr\include\stdint.h(183,18): error C2061: syntax error: identifier 'int_least32_t'
C:\Users\Ivo\Desktop\GIBZ\Informatik\M242\Code\avr\ToolChain\avr8-gnu-toolchain-win32_x86\avr\include\stdint.h(183,18): error C2059: syntax error: ';'
C:\Users\Ivo\Desktop\GIBZ\Informatik\M242\Code\avr\ToolChain\avr8-gnu-toolchain-win32_x86\avr\include\stdint.h(188,18): error C2061: syntax error: identifier 'uint_least32_t'
C:\Users\Ivo\Desktop\GIBZ\Informatik\M242\Code\avr\ToolChain\avr8-gnu-toolchain-win32_x86\avr\include\stdint.h(188,18): error C2059: syntax error: ';'
C:\Users\Ivo\Desktop\GIBZ\Informatik\M242\Code\avr\ToolChain\avr8-gnu-toolchain-win32_x86\avr\include\stdint.h(196,18): error C2061: syntax error: identifier 'int_least64_t'
C:\Users\Ivo\Desktop\GIBZ\Informatik\M242\Code\avr\ToolChain\avr8-gnu-toolchain-win32_x86\avr\include\stdint.h(196,18): error C2059: syntax error: ';'
C:\Users\Ivo\Desktop\GIBZ\Informatik\M242\Code\avr\ToolChain\avr8-gnu-toolchain-win32_x86\avr\include\stdint.h(203,18): error C2061: syntax error: identifier 'uint_least64_t'
C:\Users\Ivo\Desktop\GIBZ\Informatik\M242\Code\avr\ToolChain\avr8-gnu-toolchain-win32_x86\avr\include\stdint.h(203,18): error C2059: syntax error: ';'
C:\Users\Ivo\Desktop\GIBZ\Informatik\M242\Code\avr\ToolChain\avr8-gnu-toolchain-win32_x86\avr\include\stdint.h(217,16): error C2061: syntax error: identifier 'int_fast8_t'
C:\Users\Ivo\Desktop\GIBZ\Informatik\M242\Code\avr\ToolChain\avr8-gnu-toolchain-win32_x86\avr\include\stdint.h(217,16): error C2059: syntax error: ';'
C:\Users\Ivo\Desktop\GIBZ\Informatik\M242\Code\avr\ToolChain\avr8-gnu-toolchain-win32_x86\avr\include\stdint.h(222,17): error C2061: syntax error: identifier 'uint_fast8_t'
C:\Users\Ivo\Desktop\GIBZ\Informatik\M242\Code\avr\ToolChain\avr8-gnu-toolchain-win32_x86\avr\include\stdint.h(222,17): error C2059: syntax error: ';'
C:\Users\Ivo\Desktop\GIBZ\Informatik\M242\Code\avr\ToolChain\avr8-gnu-toolchain-win32_x86\avr\include\stdint.h(227,17): error C2061: syntax error: identifier 'int_fast16_t'
C:\Users\Ivo\Desktop\GIBZ\Informatik\M242\Code\avr\ToolChain\avr8-gnu-toolchain-win32_x86\avr\include\stdint.h(227,17): error C2059: syntax error: ';'
C:\Users\Ivo\Desktop\GIBZ\Informatik\M242\Code\avr\ToolChain\avr8-gnu-toolchain-win32_x86\avr\include\stdint.h(232,18): error C2061: syntax error: identifier 'uint_fast16_t'
C:\Users\Ivo\Desktop\GIBZ\Informatik\M242\Code\avr\ToolChain\avr8-gnu-toolchain-win32_x86\avr\include\stdint.h(232,18): error C2059: syntax error: ';'
C:\Users\Ivo\Desktop\GIBZ\Informatik\M242\Code\avr\ToolChain\avr8-gnu-toolchain-win32_x86\avr\include\stdint.h(237,17): error C2061: syntax error: identifier 'int_fast32_t'
C:\Users\Ivo\Desktop\GIBZ\Informatik\M242\Code\avr\ToolChain\avr8-gnu-toolchain-win32_x86\avr\include\stdint.h(237,17): error C2059: syntax error: ';'
C:\Users\Ivo\Desktop\GIBZ\Informatik\M242\Code\avr\ToolChain\avr8-gnu-toolchain-win32_x86\avr\include\stdint.h(242,18): error C2061: syntax error: identifier 'uint_fast32_t'
C:\Users\Ivo\Desktop\GIBZ\Informatik\M242\Code\avr\ToolChain\avr8-gnu-toolchain-win32_x86\avr\include\stdint.h(242,18): error C2059: syntax error: ';'
C:\Users\Ivo\Desktop\GIBZ\Informatik\M242\Code\avr\ToolChain\avr8-gnu-toolchain-win32_x86\avr\include\stdint.h(250,17): error C2061: syntax error: identifier 'int_fast64_t'
C:\Users\Ivo\Desktop\GIBZ\Informatik\M242\Code\avr\ToolChain\avr8-gnu-toolchain-win32_x86\avr\include\stdint.h(250,17): error C2059: syntax error: ';'
C:\Users\Ivo\Desktop\GIBZ\Informatik\M242\Code\avr\ToolChain\avr8-gnu-toolchain-win32_x86\avr\include\stdint.h(257,18): error C2061: syntax error: identifier 'uint_fast64_t'
C:\Users\Ivo\Desktop\GIBZ\Informatik\M242\Code\avr\ToolChain\avr8-gnu-toolchain-win32_x86\avr\include\stdint.h(257,18): error C2059: syntax error: ';'
C:\Users\Ivo\Desktop\GIBZ\Informatik\M242\Code\avr\ToolChain\avr8-gnu-toolchain-win32_x86\avr\include\stdint.h(277,17): error C2061: syntax error: identifier 'intmax_t'
C:\Users\Ivo\Desktop\GIBZ\Informatik\M242\Code\avr\ToolChain\avr8-gnu-toolchain-win32_x86\avr\include\stdint.h(277,17): error C2059: syntax error: ';'
C:\Users\Ivo\Desktop\GIBZ\Informatik\M242\Code\avr\ToolChain\avr8-gnu-toolchain-win32_x86\avr\include\stdint.h(282,18): error C2061: syntax error: identifier 'uintmax_t'
C:\Users\Ivo\Desktop\GIBZ\Informatik\M242\Code\avr\ToolChain\avr8-gnu-toolchain-win32_x86\avr\include\stdint.h(282,18): error C2059: syntax error: ';'
C:\Users\Ivo\Desktop\GIBZ\Informatik\M242\Code\avr\ToolChain\avr8-gnu-toolchain-win32_x86\avr\include\inttypes.h(77,17): error C2061: syntax error: identifier 'int_farptr_t'
C:\Users\Ivo\Desktop\GIBZ\Informatik\M242\Code\avr\ToolChain\avr8-gnu-toolchain-win32_x86\avr\include\inttypes.h(77,17): error C2059: syntax error: ';'
C:\Users\Ivo\Desktop\GIBZ\Informatik\M242\Code\avr\ToolChain\avr8-gnu-toolchain-win32_x86\avr\include\inttypes.h(81,18): error C2061: syntax error: identifier 'uint_farptr_t'
C:\Users\Ivo\Desktop\GIBZ\Informatik\M242\Code\avr\ToolChain\avr8-gnu-toolchain-win32_x86\avr\include\inttypes.h(81,18): error C2059: syntax error: ';'
C:\Users\Ivo\Desktop\GIBZ\Informatik\M242\Code\avr\ToolChain\avrlib\include\Atmega328P.h(160,22): error C2146: syntax error: missing ';' before identifier 'PIN'
C:\Users\Ivo\Desktop\GIBZ\Informatik\M242\Code\avr\ToolChain\avrlib\include\Atmega328P.h(160,22): error C2061: syntax error: identifier 'PIN'
C:\Users\Ivo\Desktop\GIBZ\Informatik\M242\Code\avr\ToolChain\avrlib\include\Atmega328P.h(161,22): error C2061: syntax error: identifier 'DDR'
C:\Users\Ivo\Desktop\GIBZ\Informatik\M242\Code\avr\ToolChain\avrlib\include\Atmega328P.h(161,22): error C2059: syntax error: ';'
C:\Users\Ivo\Desktop\GIBZ\Informatik\M242\Code\avr\ToolChain\avrlib\include\Atmega328P.h(162,22): error C2061: syntax error: identifier 'PORT'
C:\Users\Ivo\Desktop\GIBZ\Informatik\M242\Code\avr\ToolChain\avrlib\include\Atmega328P.h(162,22): error C2059: syntax error: ';'
C:\Users\Ivo\Desktop\GIBZ\Informatik\M242\Code\avr\ToolChain\avrlib\include\Atmega328P.h(163,1): error C2059: syntax error: '}'
C:\Users\Ivo\Desktop\GIBZ\Informatik\M242\Code\avr\ToolChain\avrlib\include\Atmega328P.h(238,22): error C2146: syntax error: missing ';' before identifier 'TCCRA'
C:\Users\Ivo\Desktop\GIBZ\Informatik\M242\Code\avr\ToolChain\avrlib\include\Atmega328P.h(238,22): error C2061: syntax error: identifier 'TCCRA'
C:\Users\Ivo\Desktop\GIBZ\Informatik\M242\Code\avr\ToolChain\avrlib\include\Atmega328P.h(239,22): error C2061: syntax error: identifier 'TCCRB'
C:\Users\Ivo\Desktop\GIBZ\Informatik\M242\Code\avr\ToolChain\avrlib\include\Atmega328P.h(239,22): error C2059: syntax error: ';'
C:\Users\Ivo\Desktop\GIBZ\Informatik\M242\Code\avr\ToolChain\avrlib\include\Atmega328P.h(240,22): error C2061: syntax error: identifier 'TCNT'
C:\Users\Ivo\Desktop\GIBZ\Informatik\M242\Code\avr\ToolChain\avrlib\include\Atmega328P.h(240,22): error C2059: syntax error: ';'
C:\Users\Ivo\Desktop\GIBZ\Informatik\M242\Code\avr\ToolChain\avrlib\include\Atmega328P.h(241,22): error C2061: syntax error: identifier 'OCRA'
C:\Users\Ivo\Desktop\GIBZ\Informatik\M242\Code\avr\ToolChain\avrlib\include\Atmega328P.h(241,22): error C2059: syntax error: ';'
C:\Users\Ivo\Desktop\GIBZ\Informatik\M242\Code\avr\ToolChain\avrlib\include\Atmega328P.h(242,22): error C2061: syntax error: identifier 'OCRB'
C:\Users\Ivo\Desktop\GIBZ\Informatik\M242\Code\avr\ToolChain\avrlib\include\Atmega328P.h(242,22): error C2059: syntax error: ';'
C:\Users\Ivo\Desktop\GIBZ\Informatik\M242\Code\avr\ToolChain\avrlib\include\Atmega328P.h(243,1): error C2059: syntax error: '}'
C:\Users\Ivo\Desktop\GIBZ\Informatik\M242\Code\avr\ToolChain\avrlib\include\Atmega328P.h(347,22): error C2146: syntax error: missing ';' before identifier 'TCCRA'
C:\Users\Ivo\Desktop\GIBZ\Informatik\M242\Code\avr\ToolChain\avrlib\include\Atmega328P.h(347,22): error C2061: syntax error: identifier 'TCCRA'
C:\Users\Ivo\Desktop\GIBZ\Informatik\M242\Code\avr\ToolChain\avrlib\include\Atmega328P.h(348,21): error C2061: syntax error: identifier 'TCCRB'
C:\Users\Ivo\Desktop\GIBZ\Informatik\M242\Code\avr\ToolChain\avrlib\include\Atmega328P.h(348,21): error C2059: syntax error: ';'
C:\Users\Ivo\Desktop\GIBZ\Informatik\M242\Code\avr\ToolChain\avrlib\include\Atmega328P.h(349,22): error C2061: syntax error: identifier 'TCCRC'
C:\Users\Ivo\Desktop\GIBZ\Informatik\M242\Code\avr\ToolChain\avrlib\include\Atmega328P.h(349,22): error C2059: syntax error: ';'
C:\Users\Ivo\Desktop\GIBZ\Informatik\M242\Code\avr\ToolChain\avrlib\include\Atmega328P.h(350,22): error C2061: syntax error: identifier 'Reserved'
C:\Users\Ivo\Desktop\GIBZ\Informatik\M242\Code\avr\ToolChain\avrlib\include\Atmega328P.h(350,22): error C2059: syntax error: ';'
C:\Users\Ivo\Desktop\GIBZ\Informatik\M242\Code\avr\ToolChain\avrlib\include\Atmega328P.h(351,23): error C2061: syntax error: identifier 'TCNT'
C:\Users\Ivo\Desktop\GIBZ\Informatik\M242\Code\avr\ToolChain\avrlib\include\Atmega328P.h(351,23): error C2059: syntax error: ';'
C:\Users\Ivo\Desktop\GIBZ\Informatik\M242\Code\avr\ToolChain\avrlib\include\Atmega328P.h(352,23): error C2061: syntax error: identifier 'ICR'
C:\Users\Ivo\Desktop\GIBZ\Informatik\M242\Code\avr\ToolChain\avrlib\include\Atmega328P.h(352,23): error C2059: syntax error: ';'
C:\Users\Ivo\Desktop\GIBZ\Informatik\M242\Code\avr\ToolChain\avrlib\include\Atmega328P.h(353,23): error C2061: syntax error: identifier 'OCRA'
C:\Users\Ivo\Desktop\GIBZ\Informatik\M242\Code\avr\ToolChain\avrlib\include\Atmega328P.h(353,23): error C2059: syntax error: ';'
C:\Users\Ivo\Desktop\GIBZ\Informatik\M242\Code\avr\ToolChain\avrlib\include\Atmega328P.h(354,23): error C2061: syntax error: identifier 'ORCB'
C:\Users\Ivo\Desktop\GIBZ\Informatik\M242\Code\avr\ToolChain\avrlib\include\Atmega328P.h(354,23): error C2059: syntax error: ';'
C:\Users\Ivo\Desktop\GIBZ\Informatik\M242\Code\avr\ToolChain\avrlib\include\Atmega328P.h(355,1): error C2059: syntax error: '}'
C:\Users\Ivo\Desktop\GIBZ\Informatik\M242\Code\avr\ToolChain\avrlib\include\Atmega328P.h(449,22): error C2146: syntax error: missing ';' before identifier 'UCSRA'
C:\Users\Ivo\Desktop\GIBZ\Informatik\M242\Code\avr\ToolChain\avrlib\include\Atmega328P.h(449,22): error C2061: syntax error: identifier 'UCSRA'
C:\Users\Ivo\Desktop\GIBZ\Informatik\M242\Code\avr\ToolChain\avrlib\include\Atmega328P.h(450,22): error C2061: syntax error: identifier 'UCSRB'
C:\Users\Ivo\Desktop\GIBZ\Informatik\M242\Code\avr\ToolChain\avrlib\include\Atmega328P.h(450,22): error C2059: syntax error: ';'
C:\Users\Ivo\Desktop\GIBZ\Informatik\M242\Code\avr\ToolChain\avrlib\include\Atmega328P.h(451,22): error C2061: syntax error: identifier 'UCSRC'
C:\Users\Ivo\Desktop\GIBZ\Informatik\M242\Code\avr\ToolChain\avrlib\include\Atmega328P.h(451,22): error C2059: syntax error: ';'
C:\Users\Ivo\Desktop\GIBZ\Informatik\M242\Code\avr\ToolChain\avrlib\include\Atmega328P.h(451,22): fatal error C1003: error count exceeds 100; stopping compilation
